2014-09-11 22:45:33,654 - Log4JLogChute initialized using file 'velocity.log'
2014-09-11 22:45:33,654 - Starting Apache Velocity v1.5 (compiled: 2007-02-22 08:52:29)
2014-09-11 22:45:33,654 - Default Properties File: org/apache/velocity/runtime/defaults/velocity.properties
2014-09-11 22:45:33,654 - Trying to use logger class org.apache.velocity.runtime.log.AvalonLogChute
2014-09-11 22:45:33,654 - Couldn't find class org.apache.velocity.runtime.log.AvalonLogChute or necessary supporting classes in classpath.
java.lang.NoClassDefFoundError: org/apache/log/format/Formatter
	at java.lang.Class.forName0(Native Method)
	at java.lang.Class.forName(Class.java:249)
	at org.apache.velocity.util.ClassUtils.getClass(ClassUtils.java:63)
	at org.apache.velocity.util.ClassUtils.getNewInstance(ClassUtils.java:95)
	at org.apache.velocity.runtime.log.LogManager.createLogChute(LogManager.java:147)
	at org.apache.velocity.runtime.log.LogManager.updateLog(LogManager.java:208)
	at org.apache.velocity.runtime.RuntimeInstance.initializeLog(RuntimeInstance.java:728)
	at org.apache.velocity.runtime.RuntimeInstance.init(RuntimeInstance.java:240)
	at org.apache.velocity.runtime.RuntimeSingleton.init(RuntimeSingleton.java:113)
	at org.apache.velocity.app.Velocity.init(Velocity.java:83)
	at sailpoint.tools.VelocityUtil.init(VelocityUtil.java:52)
	at sailpoint.tools.VelocityUtil.render(VelocityUtil.java:67)
	at sailpoint.tools.MessageRenderer.render(MessageRenderer.java:44)
	at sailpoint.tools.MessageRenderer.render(MessageRenderer.java:61)
	at sailpoint.object.EmailTemplate.compile(EmailTemplate.java:262)
	at sailpoint.server.InternalContext.sendEmailNotification(InternalContext.java:913)
	at sailpoint.api.Workflower.notify(Workflower.java:386)
	at sailpoint.api.Workflower.notify(Workflower.java:434)
	at sailpoint.api.Interrogator.notifyListener(Interrogator.java:1052)
	at sailpoint.api.Interrogator.checkAlerts(Interrogator.java:1018)
	at sailpoint.api.Interrogator.saveViolations(Interrogator.java:758)
	at sailpoint.api.Identitizer.finishRefresh(Identitizer.java:2441)
	at sailpoint.api.Identitizer.refresh(Identitizer.java:2199)
	at sailpoint.task.IdentityRefreshExecutor$RefreshWorker.process(IdentityRefreshExecutor.java:1219)
	at sailpoint.task.IdentityRefreshExecutor$RefreshWorkerPool.queue(IdentityRefreshExecutor.java:1466)
	at sailpoint.task.IdentityRefreshExecutor.refresh(IdentityRefreshExecutor.java:914)
	at sailpoint.task.IdentityRefreshExecutor.execute(IdentityRefreshExecutor.java:598)
	at sailpoint.api.TaskManager.runSync(TaskManager.java:678)
	at sailpoint.scheduler.JobAdapter.execute(JobAdapter.java:127)
	at org.quartz.core.JobRunShell.run(JobRunShell.java:202)
	at org.quartz.simpl.SimpleThreadPool$WorkerThread.run(SimpleThreadPool.java:529)
Caused by: java.lang.ClassNotFoundException: org.apache.log.format.Formatter
	at java.net.URLClassLoader$1.run(URLClassLoader.java:202)
	at java.security.AccessController.doPrivileged(Native Method)
	at java.net.URLClassLoader.findClass(URLClassLoader.java:190)
	at java.lang.ClassLoader.loadClass(ClassLoader.java:306)
	at sun.misc.Launcher$AppClassLoader.loadClass(Launcher.java:301)
	at java.lang.ClassLoader.loadClass(ClassLoader.java:247)
	at sailpoint.launch.WebInfClassLoader.loadClass(WebInfClassLoader.java:211)
	at java.lang.ClassLoader.loadClass(ClassLoader.java:247)
	... 31 more
2014-09-11 22:45:33,655 - Trying to use logger class org.apache.velocity.runtime.log.Log4JLogChute
2014-09-11 22:45:33,655 - Using logger class org.apache.velocity.runtime.log.Log4JLogChute
2014-09-11 22:45:33,656 - Default ResourceManager initializing. (class org.apache.velocity.runtime.resource.ResourceManagerImpl)
2014-09-11 22:45:33,658 - ResourceLoader instantiated: org.apache.velocity.runtime.resource.loader.FileResourceLoader
2014-09-11 22:45:33,658 - Do unicode file recognition:  false
2014-09-11 22:45:33,658 - FileResourceLoader : adding path '.'
2014-09-11 22:45:33,658 - ResourceCache: initialized (class org.apache.velocity.runtime.resource.ResourceCacheImpl)
2014-09-11 22:45:33,659 - Loaded System Directive: org.apache.velocity.runtime.directive.Literal
2014-09-11 22:45:33,660 - Loaded System Directive: org.apache.velocity.runtime.directive.Macro
2014-09-11 22:45:33,661 - Loaded System Directive: org.apache.velocity.runtime.directive.Parse
2014-09-11 22:45:33,661 - Loaded System Directive: org.apache.velocity.runtime.directive.Include
2014-09-11 22:45:33,662 - Loaded System Directive: org.apache.velocity.runtime.directive.Foreach
2014-09-11 22:45:33,676 - Created '20' parsers.
2014-09-11 22:45:33,679 - Velocimacro : "velocimacro.library" is not set.  Trying default library: VM_global_library.vm
2014-09-11 22:45:33,679 - Velocimacro : Default library not found.
2014-09-11 22:45:33,679 - Velocimacro : allowInline = true : VMs can be defined inline in templates
2014-09-11 22:45:33,679 - Velocimacro : allowInlineToOverride = false : VMs defined inline may NOT replace previous VM definitions
2014-09-11 22:45:33,679 - Velocimacro : allowInlineLocal = false : VMs defined inline will be global in scope if allowed.
2014-09-11 22:45:33,679 - Velocimacro : autoload off : VM system will not automatically reload global library macros
2014-09-11 23:13:36,985 - Log4JLogChute initialized using file 'velocity.log'
2014-09-11 23:13:36,986 - Starting Apache Velocity v1.5 (compiled: 2007-02-22 08:52:29)
2014-09-11 23:13:36,986 - Default Properties File: org/apache/velocity/runtime/defaults/velocity.properties
2014-09-11 23:13:36,986 - Trying to use logger class org.apache.velocity.runtime.log.AvalonLogChute
2014-09-11 23:13:36,986 - Couldn't find class org.apache.velocity.runtime.log.AvalonLogChute or necessary supporting classes in classpath.
java.lang.NoClassDefFoundError: org/apache/log/format/Formatter
	at java.lang.Class.forName0(Native Method)
	at java.lang.Class.forName(Class.java:249)
	at org.apache.velocity.util.ClassUtils.getClass(ClassUtils.java:63)
	at org.apache.velocity.util.ClassUtils.getNewInstance(ClassUtils.java:95)
	at org.apache.velocity.runtime.log.LogManager.createLogChute(LogManager.java:147)
	at org.apache.velocity.runtime.log.LogManager.updateLog(LogManager.java:208)
	at org.apache.velocity.runtime.RuntimeInstance.initializeLog(RuntimeInstance.java:728)
	at org.apache.velocity.runtime.RuntimeInstance.init(RuntimeInstance.java:240)
	at org.apache.velocity.runtime.RuntimeSingleton.init(RuntimeSingleton.java:113)
	at org.apache.velocity.app.Velocity.init(Velocity.java:83)
	at sailpoint.tools.VelocityUtil.init(VelocityUtil.java:52)
	at sailpoint.tools.VelocityUtil.render(VelocityUtil.java:67)
	at sailpoint.tools.MessageRenderer.render(MessageRenderer.java:44)
	at sailpoint.tools.MessageRenderer.render(MessageRenderer.java:61)
	at sailpoint.object.EmailTemplate.compile(EmailTemplate.java:262)
	at sailpoint.server.InternalContext.sendEmailNotification(InternalContext.java:913)
	at sailpoint.api.Workflower.notify(Workflower.java:386)
	at sailpoint.api.Workflower.notify(Workflower.java:434)
	at sailpoint.api.Interrogator.notifyListener(Interrogator.java:1052)
	at sailpoint.api.Interrogator.checkAlerts(Interrogator.java:1018)
	at sailpoint.api.Interrogator.saveViolations(Interrogator.java:758)
	at sailpoint.api.Identitizer.finishRefresh(Identitizer.java:2435)
	at sailpoint.api.Identitizer.refresh(Identitizer.java:2186)
	at sailpoint.task.IdentityRefreshExecutor$RefreshWorker.process(IdentityRefreshExecutor.java:1220)
	at sailpoint.task.IdentityRefreshExecutor$RefreshWorkerPool.queue(IdentityRefreshExecutor.java:1469)
	at sailpoint.task.IdentityRefreshExecutor.refresh(IdentityRefreshExecutor.java:918)
	at sailpoint.task.IdentityRefreshExecutor.execute(IdentityRefreshExecutor.java:598)
	at sailpoint.api.TaskManager.runSync(TaskManager.java:678)
	at sailpoint.scheduler.JobAdapter.execute(JobAdapter.java:127)
	at org.quartz.core.JobRunShell.run(JobRunShell.java:202)
	at org.quartz.simpl.SimpleThreadPool$WorkerThread.run(SimpleThreadPool.java:529)
Caused by: java.lang.ClassNotFoundException: org.apache.log.format.Formatter
	at java.net.URLClassLoader$1.run(URLClassLoader.java:202)
	at java.security.AccessController.doPrivileged(Native Method)
	at java.net.URLClassLoader.findClass(URLClassLoader.java:190)
	at java.lang.ClassLoader.loadClass(ClassLoader.java:306)
	at sun.misc.Launcher$AppClassLoader.loadClass(Launcher.java:301)
	at java.lang.ClassLoader.loadClass(ClassLoader.java:247)
	at sailpoint.launch.WebInfClassLoader.loadClass(WebInfClassLoader.java:211)
	at java.lang.ClassLoader.loadClass(ClassLoader.java:247)
	... 31 more
2014-09-11 23:13:36,988 - Trying to use logger class org.apache.velocity.runtime.log.Log4JLogChute
2014-09-11 23:13:36,988 - Using logger class org.apache.velocity.runtime.log.Log4JLogChute
2014-09-11 23:13:36,991 - Default ResourceManager initializing. (class org.apache.velocity.runtime.resource.ResourceManagerImpl)
2014-09-11 23:13:36,993 - ResourceLoader instantiated: org.apache.velocity.runtime.resource.loader.FileResourceLoader
2014-09-11 23:13:36,993 - Do unicode file recognition:  false
2014-09-11 23:13:36,993 - FileResourceLoader : adding path '.'
2014-09-11 23:13:36,993 - ResourceCache: initialized (class org.apache.velocity.runtime.resource.ResourceCacheImpl)
2014-09-11 23:13:36,994 - Loaded System Directive: org.apache.velocity.runtime.directive.Literal
2014-09-11 23:13:36,994 - Loaded System Directive: org.apache.velocity.runtime.directive.Macro
2014-09-11 23:13:36,995 - Loaded System Directive: org.apache.velocity.runtime.directive.Parse
2014-09-11 23:13:36,996 - Loaded System Directive: org.apache.velocity.runtime.directive.Include
2014-09-11 23:13:36,996 - Loaded System Directive: org.apache.velocity.runtime.directive.Foreach
2014-09-11 23:13:37,014 - Created '20' parsers.
2014-09-11 23:13:37,018 - Velocimacro : "velocimacro.library" is not set.  Trying default library: VM_global_library.vm
2014-09-11 23:13:37,018 - Velocimacro : Default library not found.
2014-09-11 23:13:37,018 - Velocimacro : allowInline = true : VMs can be defined inline in templates
2014-09-11 23:13:37,018 - Velocimacro : allowInlineToOverride = false : VMs defined inline may NOT replace previous VM definitions
2014-09-11 23:13:37,018 - Velocimacro : allowInlineLocal = false : VMs defined inline will be global in scope if allowed.
2014-09-11 23:13:37,018 - Velocimacro : autoload off : VM system will not automatically reload global library macros
